!SESSION 2018-07-19 12:02:16.768 -----------------------------------------------
eclipse.buildId=unknown
java.version=1.8.0_172
java.vendor=Azul Systems, Inc.
BootLoader constants: OS=macosx, ARCH=x86_64, WS=cocoa, NL=zh_CN
Command-line arguments:  -os macosx -ws cocoa -arch x86_64 -data /Users/sanbo/dev/jeb225/bin/jeb.app/Contents/MacOS/workspace

!ENTRY org.eclipse.update.configurator 4 0 2018-07-19 12:02:19.012
!MESSAGE Could not install bundle plugins/javax.annotation_1.2.0.v201401042248.jar   A bundle is already installed with the name "javax.annotation" and version "1.2.0.v201401042248"

!ENTRY org.eclipse.update.configurator 4 0 2018-07-19 12:02:19.018
!MESSAGE Could not install bundle plugins/org.eclipse.jface.databinding_1.6.200.v20140528-1422.jar   A bundle is already installed with the name "org.eclipse.jface.databinding" and version "1.6.200.v20140528-1422"

!ENTRY org.eclipse.update.configurator 4 0 2018-07-19 12:02:19.035
!MESSAGE Could not install bundle plugins/org.eclipse.jface_3.10.2.v20141021-1035.jar   A bundle is already installed with the name "org.eclipse.jface" and version "3.10.2.v20141021-1035"

!ENTRY org.eclipse.update.configurator 4 0 2018-07-19 12:02:19.037
!MESSAGE Could not install bundle plugins/org.eclipse.e4.ui.workbench3_0.12.0.v20140227-2118.jar   A bundle is already installed with the name "org.eclipse.e4.ui.workbench3" and version "0.12.0.v20140227-2118"

!ENTRY org.eclipse.update.configurator 4 0 2018-07-19 12:02:19.039
!MESSAGE Could not install bundle plugins/org.eclipse.equinox.security.macosx_1.100.200.v20130327-1442.jar   A bundle is already installed with the name "org.eclipse.equinox.security.macosx" and version "1.100.200.v20130327-1442"

!ENTRY org.eclipse.update.configurator 4 0 2018-07-19 12:02:19.042
!MESSAGE Could not install bundle plugins/org.eclipse.equinox.p2.repository.tools_2.1.0.v20131211-1531.jar   A bundle is already installed with the name "org.eclipse.equinox.p2.repository.tools" and version "2.1.0.v20131211-1531"

!ENTRY org.eclipse.update.configurator 4 0 2018-07-19 12:02:19.045
!MESSAGE Could not install bundle plugins/org.eclipse.jdt.debug_3.8.102.v20150115-1323/   A bundle is already installed with the name "org.eclipse.jdt.debug" and version "3.8.102.v20150115-1323"

!ENTRY org.eclipse.update.configurator 4 0 2018-07-19 12:02:19.046
!MESSAGE Could not install bundle plugins/org.eclipse.e4.ui.css.swt.theme_0.9.300.v20141126-1957.jar   A bundle is already installed with the name "org.eclipse.e4.ui.css.swt.theme" and version "0.9.300.v20141126-1957"

!ENTRY org.eclipse.update.configurator 4 0 2018-07-19 12:02:19.053
!MESSAGE Could not install bundle plugins/org.eclipse.e4.ui.model.workbench_1.1.0.v20140512-1820.jar   A bundle is already installed with the name "org.eclipse.e4.ui.model.workbench" and version "1.1.0.v20140512-1820"

!ENTRY org.eclipse.update.configurator 4 0 2018-07-19 12:02:19.056
!MESSAGE Could not install bundle plugins/org.eclipse.equinox.registry_3.5.400.v20140428-1507.jar   A bundle is already installed with the name "org.eclipse.equinox.registry" and version "3.5.400.v20140428-1507"

!ENTRY org.eclipse.update.configurator 4 0 2018-07-19 12:02:19.058
!MESSAGE Could not install bundle plugins/org.eclipse.core.variables_3.2.800.v20130819-1716.jar   A bundle is already installed with the name "org.eclipse.core.variables" and version "3.2.800.v20130819-1716"

!ENTRY org.eclipse.update.configurator 4 0 2018-07-19 12:02:19.060
!MESSAGE Could not install bundle plugins/org.eclipse.e4.core.services_1.2.1.v20140808-1251.jar   A bundle is already installed with the name "org.eclipse.e4.core.services" and version "1.2.1.v20140808-1251"

!ENTRY org.eclipse.update.configurator 4 0 2018-07-19 12:02:19.072
!MESSAGE Could not install bundle plugins/org.eclipse.jdt.compiler.tool_1.0.300.v20150114-1827.jar   A bundle is already installed with the name "org.eclipse.jdt.compiler.tool" and version "1.0.300.v20150114-1827"

!ENTRY org.eclipse.update.configurator 4 0 2018-07-19 12:02:19.073
!MESSAGE Could not install bundle plugins/org.eclipse.e4.core.commands_0.10.2.v20140424-2344.jar   A bundle is already installed with the name "org.eclipse.e4.core.commands" and version "0.10.2.v20140424-2344"

!ENTRY org.eclipse.update.configurator 4 0 2018-07-19 12:02:19.075
!MESSAGE Could not install bundle plugins/org.eclipse.jdt.compiler.apt_1.1.0.v20150122-0735.jar   A bundle is already installed with the name "org.eclipse.jdt.compiler.apt" and version "1.1.0.v20150122-0735"

!ENTRY org.eclipse.update.configurator 4 0 2018-07-19 12:02:19.077
!MESSAGE Could not install bundle plugins/org.eclipse.equinox.util_1.0.500.v20130404-1337.jar   A bundle is already installed with the name "org.eclipse.equinox.util" and version "1.0.500.v20130404-1337"

!ENTRY org.eclipse.update.configurator 4 0 2018-07-19 12:02:19.079
!MESSAGE Could not install bundle plugins/org.eclipse.equinox.preferences_3.5.200.v20140224-1527.jar   A bundle is already installed with the name "org.eclipse.equinox.preferences" and version "3.5.200.v20140224-1527"

!ENTRY org.eclipse.update.configurator 4 0 2018-07-19 12:02:19.082
!MESSAGE Could not install bundle plugins/org.eclipse.core.resources_3.9.1.v20140825-1431.jar   A bundle is already installed with the name "org.eclipse.core.resources" and version "3.9.1.v20140825-1431"

!ENTRY org.eclipse.update.configurator 4 0 2018-07-19 12:02:19.101
!MESSAGE Could not install bundle plugins/org.eclipse.e4.core.di.extensions_0.12.0.v20140417-2033.jar   A bundle is already installed with the name "org.eclipse.e4.core.di.extensions" and version "0.12.0.v20140417-2033"

!ENTRY org.eclipse.update.configurator 4 0 2018-07-19 12:02:19.104
!MESSAGE Could not install bundle plugins/org.eclipse.e4.ui.css.swt_0.11.101.v20140818-1343.jar   A bundle is already installed with the name "org.eclipse.e4.ui.css.swt" and version "0.11.101.v20140818-1343"

!ENTRY org.eclipse.update.configurator 4 0 2018-07-19 12:02:19.112
!MESSAGE Could not install bundle plugins/org.eclipse.e4.ui.css.core_0.10.100.v20140424-2042.jar   A bundle is already installed with the name "org.eclipse.e4.ui.css.core" and version "0.10.100.v20140424-2042"

!ENTRY org.eclipse.update.configurator 4 0 2018-07-19 12:02:19.116
!MESSAGE Could not install bundle plugins/org.eclipse.jface.text_3.9.2.v20141003-1326.jar   A bundle is already installed with the name "org.eclipse.jface.text" and version "3.9.2.v20141003-1326"

!ENTRY org.eclipse.update.configurator 4 0 2018-07-19 12:02:19.118
!MESSAGE Could not install bundle plugins/org.eclipse.e4.ui.services_1.1.0.v20140328-1925.jar   A bundle is already installed with the name "org.eclipse.e4.ui.services" and version "1.1.0.v20140328-1925"

!ENTRY org.eclipse.update.configurator 4 0 2018-07-19 12:02:19.162
!MESSAGE Could not install bundle plugins/org.eclipse.jdt.core_3.10.2.v20150120-1634.jar   A bundle is already installed with the name "org.eclipse.jdt.core" and version "3.10.2.v20150120-1634"

!ENTRY org.eclipse.update.configurator 4 0 2018-07-19 12:02:19.164
!MESSAGE Could not install bundle plugins/org.eclipse.equinox.p2.publisher_1.3.0.v20140911-0143.jar   A bundle is already installed with the name "org.eclipse.equinox.p2.publisher" and version "1.3.0.v20140911-0143"

!ENTRY org.eclipse.update.configurator 4 0 2018-07-19 12:02:19.170
!MESSAGE Could not install bundle plugins/org.eclipse.equinox.ds_1.4.200.v20131126-2331.jar   A bundle is already installed with the name "org.eclipse.equinox.ds" and version "1.4.200.v20131126-2331"

!ENTRY org.eclipse.update.configurator 4 0 2018-07-19 12:02:19.172
!MESSAGE Could not install bundle plugins/org.eclipse.core.databinding.property_1.4.200.v20140214-0004.jar   A bundle is already installed with the name "org.eclipse.core.databinding.property" and version "1.4.200.v20140214-0004"

!ENTRY org.eclipse.update.configurator 4 0 2018-07-19 12:02:19.173
!MESSAGE Could not install bundle plugins/org.w3c.css.sac_1.3.1.v200903091627.jar   A bundle is already installed with the name "org.w3c.css.sac" and version "1.3.1.v200903091627"

!ENTRY org.eclipse.update.configurator 4 0 2018-07-19 12:02:19.178
!MESSAGE Could not install bundle plugins/org.eclipse.pde.build_3.9.0.v20140415-2029/   A bundle is already installed with the name "org.eclipse.pde.build" and version "3.9.0.v20140415-2029"

!ENTRY org.eclipse.update.configurator 4 0 2018-07-19 12:02:19.181
!MESSAGE Could not install bundle plugins/org.eclipse.equinox.security_1.2.0.v20130424-1801.jar   A bundle is already installed with the name "org.eclipse.equinox.security" and version "1.2.0.v20130424-1801"

!ENTRY org.eclipse.update.configurator 4 0 2018-07-19 12:02:19.184
!MESSAGE Could not install bundle plugins/org.eclipse.equinox.p2.core_2.3.0.v20131211-1531.jar   A bundle is already installed with the name "org.eclipse.equinox.p2.core" and version "2.3.0.v20131211-1531"

!ENTRY org.eclipse.update.configurator 4 0 2018-07-19 12:02:19.185
!MESSAGE Could not install bundle plugins/org.sat4j.pb_2.3.5.v201404071733.jar   A bundle is already installed with the name "org.sat4j.pb" and version "2.3.5.v201404071733"

!ENTRY org.eclipse.update.configurator 4 0 2018-07-19 12:02:19.188
!MESSAGE Could not install bundle plugins/org.eclipse.emf.databinding_1.3.0.v20150123-0452.jar   A bundle is already installed with the name "org.eclipse.emf.databinding" and version "1.3.0.v20150123-0452"

!ENTRY org.eclipse.update.configurator 4 0 2018-07-19 12:02:19.194
!MESSAGE Could not install bundle plugins/org.eclipse.equinox.app_1.3.200.v20130910-1609.jar   A bundle is already installed with the name "org.eclipse.equinox.app" and version "1.3.200.v20130910-1609"

!ENTRY org.eclipse.update.configurator 4 0 2018-07-19 12:02:19.210
!MESSAGE Could not install bundle plugins/org.eclipse.core.expressions_3.4.600.v20140128-0851.jar   A bundle is already installed with the name "org.eclipse.core.expressions" and version "3.4.600.v20140128-0851"

!ENTRY org.eclipse.update.configurator 4 0 2018-07-19 12:02:19.212
!MESSAGE Could not install bundle plugins/org.eclipse.ant.core_3.3.1.v20150123-1553.jar   A bundle is already installed with the name "org.eclipse.ant.core" and version "3.3.1.v20150123-1553"

!ENTRY org.eclipse.update.configurator 4 0 2018-07-19 12:02:19.221
!MESSAGE Could not install bundle plugins/org.eclipse.core.runtime_3.10.0.v20140318-2214.jar   A bundle is already installed with the name "org.eclipse.core.runtime" and version "3.10.0.v20140318-2214"

!ENTRY org.eclipse.update.configurator 4 0 2018-07-19 12:02:19.222
!MESSAGE Could not install bundle plugins/org.eclipse.equinox.frameworkadmin_2.0.100.v20131209-2144.jar   A bundle is already installed with the name "org.eclipse.equinox.frameworkadmin" and version "2.0.100.v20131209-2144"

!ENTRY org.eclipse.update.configurator 4 0 2018-07-19 12:02:19.223
!MESSAGE Could not install bundle plugins/org.hamcrest.core_1.3.0.v201303031735.jar   A bundle is already installed with the name "org.hamcrest.core" and version "1.3.0.v201303031735"

!ENTRY org.eclipse.update.configurator 4 0 2018-07-19 12:02:19.228
!MESSAGE Could not install bundle plugins/org.eclipse.pde.core_3.10.2.v20150127-1015.jar   A bundle is already installed with the name "org.eclipse.pde.core" and version "3.10.2.v20150127-1015"

!ENTRY org.eclipse.update.configurator 4 0 2018-07-19 12:02:19.253
!MESSAGE Could not install bundle plugins/org.eclipse.equinox.p2.repository_2.3.0.v20131211-1531.jar   A bundle is already installed with the name "org.eclipse.equinox.p2.repository" and version "2.3.0.v20131211-1531"

!ENTRY org.eclipse.update.configurator 4 0 2018-07-19 12:02:19.255
!MESSAGE Could not install bundle plugins/org.eclipse.e4.ui.bindings_0.10.200.v20140424-2042.jar   A bundle is already installed with the name "org.eclipse.e4.ui.bindings" and version "0.10.200.v20140424-2042"

!ENTRY org.eclipse.update.configurator 4 0 2018-07-19 12:02:19.257
!MESSAGE Could not install bundle plugins/org.eclipse.text_3.5.300.v20130515-1451.jar   A bundle is already installed with the name "org.eclipse.text" and version "3.5.300.v20130515-1451"

!ENTRY org.eclipse.update.configurator 4 0 2018-07-19 12:02:19.258
!MESSAGE Could not install bundle plugins/org.sat4j.core_2.3.5.v201308161310.jar   A bundle is already installed with the name "org.sat4j.core" and version "2.3.5.v201308161310"

!ENTRY org.eclipse.update.configurator 4 0 2018-07-19 12:02:19.260
!MESSAGE Could not install bundle plugins/org.eclipse.equinox.p2.garbagecollector_1.0.200.v20131115-1210.jar   A bundle is already installed with the name "org.eclipse.equinox.p2.garbagecollector" and version "1.0.200.v20131115-1210"

!ENTRY org.eclipse.update.configurator 4 0 2018-07-19 12:02:19.266
!MESSAGE Could not install bundle plugins/org.eclipse.emf.edit_2.10.1.v20150123-0452.jar   A bundle is already installed with the name "org.eclipse.emf.edit" and version "2.10.1.v20150123-0452"

!ENTRY org.eclipse.update.configurator 4 0 2018-07-19 12:02:19.268
!MESSAGE Could not install bundle plugins/org.eclipse.core.runtime.compatibility_3.2.200.v20140128-0851.jar   A bundle is already installed with the name "org.eclipse.core.runtime.compatibility" and version "3.2.200.v20140128-0851"

!ENTRY org.eclipse.update.configurator 4 0 2018-07-19 12:02:19.270
!MESSAGE Could not install bundle plugins/org.eclipse.equinox.p2.publisher.eclipse_1.1.200.v20140414-0825.jar   A bundle is already installed with the name "org.eclipse.equinox.p2.publisher.eclipse" and version "1.1.200.v20140414-0825"

!ENTRY org.eclipse.update.configurator 4 0 2018-07-19 12:02:19.274
!MESSAGE Could not install bundle plugins/org.eclipse.emf.ecore_2.10.2.v20150123-0348.jar   A bundle is already installed with the name "org.eclipse.emf.ecore" and version "2.10.2.v20150123-0348"

!ENTRY org.eclipse.update.configurator 4 0 2018-07-19 12:02:19.276
!MESSAGE Could not install bundle plugins/org.eclipse.e4.ui.workbench.swt_0.12.100.v20141126-1150.jar   A bundle is already installed with the name "org.eclipse.e4.ui.workbench.swt" and version "0.12.100.v20141126-1150"

!ENTRY org.eclipse.update.configurator 4 0 2018-07-19 12:02:19.281
!MESSAGE Could not install bundle plugins/org.w3c.dom.svg_1.1.0.v201011041433.jar   A bundle is already installed with the name "org.w3c.dom.svg" and version "1.1.0.v201011041433"

!ENTRY org.eclipse.update.configurator 4 0 2018-07-19 12:02:19.287
!MESSAGE Could not install bundle plugins/org.eclipse.equinox.p2.metadata_2.2.0.v20131211-1531.jar   A bundle is already installed with the name "org.eclipse.equinox.p2.metadata" and version "2.2.0.v20131211-1531"

!ENTRY org.eclipse.update.configurator 4 0 2018-07-19 12:02:19.306
!MESSAGE Could not install bundle plugins/org.eclipse.equinox.bidi_0.10.0.v20130327-1442.jar   A bundle is already installed with the name "org.eclipse.equinox.bidi" and version "0.10.0.v20130327-1442"

!ENTRY org.eclipse.update.configurator 4 0 2018-07-19 12:02:19.311
!MESSAGE Could not install bundle plugins/org.eclipse.e4.ui.workbench.renderers.swt.cocoa_0.11.200.v20140417-0906.jar   A bundle is already installed with the name "org.eclipse.e4.ui.workbench.renderers.swt.cocoa" and version "0.11.200.v20140417-0906"

!ENTRY org.eclipse.update.configurator 4 0 2018-07-19 12:02:19.313
!MESSAGE Could not install bundle plugins/org.eclipse.update.configurator_3.3.300.v20140518-1928.jar   A bundle is already installed with the name "org.eclipse.update.configurator" and version "3.3.300.v20140518-1928"

!ENTRY org.eclipse.update.configurator 4 0 2018-07-19 12:02:19.316
!MESSAGE Could not install bundle plugins/org.eclipse.equinox.p2.artifact.repository_1.1.300.v20131211-1531.jar   A bundle is already installed with the name "org.eclipse.equinox.p2.artifact.repository" and version "1.1.300.v20131211-1531"

!ENTRY org.eclipse.update.configurator 4 0 2018-07-19 12:02:19.318
!MESSAGE Could not install bundle plugins/org.eclipse.core.jobs_3.6.1.v20141014-1248.jar   A bundle is already installed with the name "org.eclipse.core.jobs" and version "3.6.1.v20141014-1248"

!ENTRY org.eclipse.update.configurator 4 0 2018-07-19 12:02:19.321
!MESSAGE Could not install bundle plugins/org.eclipse.equinox.p2.engine_2.3.0.v20140506-1720.jar   A bundle is already installed with the name "org.eclipse.equinox.p2.engine" and version "2.3.0.v20140506-1720"

!ENTRY org.eclipse.update.configurator 4 0 2018-07-19 12:02:19.323
!MESSAGE Could not install bundle plugins/org.eclipse.emf.common_2.10.1.v20150123-0348.jar   A bundle is already installed with the name "org.eclipse.emf.common" and version "2.10.1.v20150123-0348"

!ENTRY org.eclipse.update.configurator 4 0 2018-07-19 12:02:19.325
!MESSAGE Could not install bundle plugins/org.eclipse.emf.ecore.change_2.10.0.v20150123-0348.jar   A bundle is already installed with the name "org.eclipse.emf.ecore.change" and version "2.10.0.v20150123-0348"

!ENTRY org.eclipse.update.configurator 4 0 2018-07-19 12:02:19.329
!MESSAGE Could not install bundle plugins/com.ibm.icu_52.1.1.v201501240615.jar   A bundle is already installed with the name "com.ibm.icu" and version "52.1.1.v201501240615"

!ENTRY org.eclipse.update.configurator 4 0 2018-07-19 12:02:19.330
!MESSAGE Could not install bundle plugins/org.apache.commons.logging_1.0.4.v201101211617.jar   A bundle is already installed with the name "org.apache.commons.logging" and version "1.0.4.v201101211617"

!ENTRY org.eclipse.update.configurator 4 0 2018-07-19 12:02:19.341
!MESSAGE Could not install bundle plugins/org.eclipse.e4.ui.workbench.addons.swt_1.1.2.v20141126-1310.jar   A bundle is already installed with the name "org.eclipse.e4.ui.workbench.addons.swt" and version "1.1.2.v20141126-1310"

!ENTRY org.eclipse.update.configurator 4 0 2018-07-19 12:02:19.342
!MESSAGE Could not install bundle plugins/org.eclipse.e4.ui.widgets_1.0.0.v20140514-1823.jar   A bundle is already installed with the name "org.eclipse.e4.ui.widgets" and version "1.0.0.v20140514-1823"

!ENTRY org.eclipse.update.configurator 4 0 2018-07-19 12:02:19.344
!MESSAGE Could not install bundle plugins/org.apache.batik.css_1.7.0.v201011041433.jar   A bundle is already installed with the name "org.apache.batik.css" and version "1.7.0.v201011041433"

!ENTRY org.eclipse.update.configurator 4 0 2018-07-19 12:02:19.349
!MESSAGE Could not install bundle plugins/org.eclipse.swt.cocoa.macosx.x86_64_3.103.2.v20150203-1351.jar   A bundle is already installed with the name "org.eclipse.swt.cocoa.macosx.x86_64" and version "3.103.2.v20150203-1351"

!ENTRY org.eclipse.update.configurator 4 0 2018-07-19 12:02:19.354
!MESSAGE Could not install bundle plugins/org.eclipse.core.databinding.beans_1.2.200.v20140214-0004.jar   A bundle is already installed with the name "org.eclipse.core.databinding.beans" and version "1.2.200.v20140214-0004"

!ENTRY org.eclipse.update.configurator 4 0 2018-07-19 12:02:19.356
!MESSAGE Could not install bundle plugins/org.junit_4.11.0.v201303080030/   A bundle is already installed with the name "org.junit" and version "4.11.0.v201303080030"

!ENTRY org.eclipse.update.configurator 4 0 2018-07-19 12:02:19.357
!MESSAGE Could not install bundle plugins/org.eclipse.core.runtime.compatibility.registry_3.5.300.v20140128-0851/   A bundle is already installed with the name "org.eclipse.core.runtime.compatibility.registry" and version "3.5.300.v20140128-0851"

!ENTRY org.eclipse.update.configurator 4 0 2018-07-19 12:02:19.359
!MESSAGE Could not install bundle plugins/org.eclipse.core.commands_3.6.100.v20140528-1422.jar   A bundle is already installed with the name "org.eclipse.core.commands" and version "3.6.100.v20140528-1422"

!ENTRY org.eclipse.update.configurator 4 0 2018-07-19 12:02:19.362
!MESSAGE Could not install bundle plugins/org.eclipse.core.databinding_1.4.2.v20140729-1044.jar   A bundle is already installed with the name "org.eclipse.core.databinding" and version "1.4.2.v20140729-1044"

!ENTRY org.eclipse.update.configurator 4 0 2018-07-19 12:02:19.366
!MESSAGE Could not install bundle plugins/javax.xml_1.3.4.v201005080400.jar   A bundle is already installed with the name "javax.xml" and version "1.3.4.v201005080400"

!ENTRY org.eclipse.update.configurator 4 0 2018-07-19 12:02:19.376
!MESSAGE Could not install bundle plugins/org.eclipse.core.filesystem_1.4.100.v20140514-1614.jar   A bundle is already installed with the name "org.eclipse.core.filesystem" and version "1.4.100.v20140514-1614"

!ENTRY org.eclipse.update.configurator 4 0 2018-07-19 12:02:19.378
!MESSAGE Could not install bundle plugins/org.eclipse.equinox.p2.director_2.3.100.v20140224-1921.jar   A bundle is already installed with the name "org.eclipse.equinox.p2.director" and version "2.3.100.v20140224-1921"

!ENTRY org.eclipse.update.configurator 4 0 2018-07-19 12:02:19.383
!MESSAGE Could not install bundle plugins/org.w3c.dom.smil_1.0.0.v200806040011.jar   A bundle is already installed with the name "org.w3c.dom.smil" and version "1.0.0.v200806040011"

!ENTRY org.eclipse.update.configurator 4 0 2018-07-19 12:02:19.385
!MESSAGE Could not install bundle plugins/org.eclipse.emf.ecore.xmi_2.10.2.v20150123-0348.jar   A bundle is already installed with the name "org.eclipse.emf.ecore.xmi" and version "2.10.2.v20150123-0348"

!ENTRY org.eclipse.update.configurator 4 0 2018-07-19 12:02:19.389
!MESSAGE Could not install bundle plugins/org.eclipse.equinox.common_3.6.200.v20130402-1505.jar   A bundle is already installed with the name "org.eclipse.equinox.common" and version "3.6.200.v20130402-1505"

!ENTRY org.eclipse.update.configurator 4 0 2018-07-19 12:02:19.391
!MESSAGE Could not install bundle plugins/javax.inject_1.0.0.v20091030.jar   A bundle is already installed with the name "javax.inject" and version "1.0.0.v20091030"

!ENTRY org.eclipse.update.configurator 4 0 2018-07-19 12:02:19.392
!MESSAGE Could not install bundle plugins/org.eclipse.core.contenttype_3.4.200.v20140207-1251.jar   A bundle is already installed with the name "org.eclipse.core.contenttype" and version "3.4.200.v20140207-1251"

!ENTRY org.eclipse.update.configurator 4 0 2018-07-19 12:02:19.394
!MESSAGE Could not install bundle plugins/org.eclipse.e4.core.contexts_1.3.100.v20140407-1019.jar   A bundle is already installed with the name "org.eclipse.e4.core.contexts" and version "1.3.100.v20140407-1019"

!ENTRY org.eclipse.update.configurator 4 0 2018-07-19 12:02:19.396
!MESSAGE Could not install bundle plugins/org.apache.batik.util_1.7.0.v201011041433.jar   A bundle is already installed with the name "org.apache.batik.util" and version "1.7.0.v201011041433"

!ENTRY org.eclipse.update.configurator 4 0 2018-07-19 12:02:19.398
!MESSAGE Could not install bundle plugins/org.eclipse.equinox.p2.metadata.repository_1.2.100.v20131209-2144.jar   A bundle is already installed with the name "org.eclipse.equinox.p2.metadata.repository" and version "1.2.100.v20131209-2144"

!ENTRY org.eclipse.update.configurator 4 0 2018-07-19 12:02:19.400
!MESSAGE Could not install bundle plugins/org.eclipse.equinox.p2.updatesite_1.0.400.v20131211-1531.jar   A bundle is already installed with the name "org.eclipse.equinox.p2.updatesite" and version "1.0.400.v20131211-1531"

!ENTRY org.eclipse.update.configurator 4 0 2018-07-19 12:02:19.403
!MESSAGE Could not install bundle plugins/org.eclipse.team.core_3.7.0.v20130514-1224.jar   A bundle is already installed with the name "org.eclipse.team.core" and version "3.7.0.v20130514-1224"

!ENTRY org.eclipse.update.configurator 4 0 2018-07-19 12:02:19.404
!MESSAGE Could not install bundle plugins/org.eclipse.e4.core.di_1.4.0.v20140414-1837.jar   A bundle is already installed with the name "org.eclipse.e4.core.di" and version "1.4.0.v20140414-1837"

!ENTRY org.eclipse.update.configurator 4 0 2018-07-19 12:02:19.407
!MESSAGE Could not install bundle plugins/org.eclipse.debug.core_3.9.1.v20140805-1629.jar   A bundle is already installed with the name "org.eclipse.debug.core" and version "3.9.1.v20140805-1629"

!ENTRY org.eclipse.update.configurator 4 0 2018-07-19 12:02:19.410
!MESSAGE Could not install bundle plugins/org.eclipse.core.databinding.observable_1.4.1.v20140210-1835.jar   A bundle is already installed with the name "org.eclipse.core.databinding.observable" and version "1.4.1.v20140210-1835"

!ENTRY org.eclipse.update.configurator 4 0 2018-07-19 12:02:19.412
!MESSAGE Could not install bundle plugins/org.eclipse.core.filesystem.macosx_1.3.0.v20140124-1940.jar   A bundle is already installed with the name "org.eclipse.core.filesystem.macosx" and version "1.3.0.v20140124-1940"

!ENTRY org.eclipse.update.configurator 4 0 2018-07-19 12:02:19.414
!MESSAGE Could not install bundle plugins/org.eclipse.equinox.p2.director.app_1.0.300.v20150129-0838.jar   A bundle is already installed with the name "org.eclipse.equinox.p2.director.app" and version "1.0.300.v20150129-0838"

!ENTRY org.eclipse.update.configurator 4 0 2018-07-19 12:02:19.416
!MESSAGE Could not install bundle plugins/org.eclipse.jdt.launching_3.7.102.v20141111-0953.jar   A bundle is already installed with the name "org.eclipse.jdt.launching" and version "3.7.102.v20141111-0953"

!ENTRY org.eclipse.update.configurator 4 0 2018-07-19 12:02:19.420
!MESSAGE Could not install bundle plugins/org.eclipse.e4.ui.di_1.0.0.v20140328-2112.jar   A bundle is already installed with the name "org.eclipse.e4.ui.di" and version "1.0.0.v20140328-2112"

!ENTRY org.eclipse.update.configurator 4 0 2018-07-19 12:02:19.422
!MESSAGE Could not install bundle plugins/org.eclipse.equinox.concurrent_1.1.0.v20130327-1442.jar   A bundle is already installed with the name "org.eclipse.equinox.concurrent" and version "1.1.0.v20130327-1442"

!ENTRY org.eclipse.update.configurator 4 0 2018-07-19 12:02:19.424
!MESSAGE Could not install bundle plugins/org.eclipse.compare.core_3.5.400.v20130903-0736.jar   A bundle is already installed with the name "org.eclipse.compare.core" and version "3.5.400.v20130903-0736"

!ENTRY org.eclipse.update.configurator 4 0 2018-07-19 12:02:19.427
!MESSAGE Could not install bundle plugins/org.eclipse.equinox.p2.touchpoint.eclipse_2.1.200.v20140512-1650.jar   A bundle is already installed with the name "org.eclipse.equinox.p2.touchpoint.eclipse" and version "2.1.200.v20140512-1650"

!ENTRY org.eclipse.update.configurator 4 0 2018-07-19 12:02:19.481
!MESSAGE Could not install bundle plugins/org.apache.batik.util.gui_1.7.0.v200903091627.jar   A bundle is already installed with the name "org.apache.batik.util.gui" and version "1.7.0.v200903091627"

!ENTRY org.eclipse.update.configurator 4 0 2018-07-19 12:02:19.482
!MESSAGE Could not install bundle plugins/org.eclipse.equinox.event_1.3.100.v20140115-1647.jar   A bundle is already installed with the name "org.eclipse.equinox.event" and version "1.3.100.v20140115-1647"

!ENTRY org.eclipse.update.configurator 4 0 2018-07-19 12:02:19.491
!MESSAGE Could not install bundle plugins/org.eclipse.equinox.frameworkadmin.equinox_1.0.500.v20131211-1531.jar   A bundle is already installed with the name "org.eclipse.equinox.frameworkadmin.equinox" and version "1.0.500.v20131211-1531"

!ENTRY org.eclipse.update.configurator 4 0 2018-07-19 12:02:19.496
!MESSAGE Could not install bundle plugins/org.eclipse.e4.ui.workbench_1.2.2.v20141212-1259.jar   A bundle is already installed with the name "org.eclipse.e4.ui.workbench" and version "1.2.2.v20141212-1259"

!ENTRY org.eclipse.update.configurator 4 0 2018-07-19 12:02:19.499
!MESSAGE Could not install bundle plugins/org.eclipse.e4.ui.workbench.renderers.swt_0.12.2.v20150204-1353.jar   A bundle is already installed with the name "org.eclipse.e4.ui.workbench.renderers.swt" and version "0.12.2.v20150204-1353"

!ENTRY org.eclipse.update.configurator 4 0 2018-07-19 12:02:19.500
!MESSAGE Could not install bundle plugins/org.w3c.dom.events_3.0.0.draft20060413_v201105210656.jar   A bundle is already installed with the name "org.w3c.dom.events" and version "3.0.0.draft20060413_v201105210656"

!ENTRY org.eclipse.update.configurator 4 0 2018-07-19 12:02:19.502
!MESSAGE Could not install bundle plugins/org.eclipse.core.filebuffers_3.5.400.v20140127-1516.jar   A bundle is already installed with the name "org.eclipse.core.filebuffers" and version "3.5.400.v20140127-1516"

!ENTRY org.eclipse.update.configurator 4 0 2018-07-19 12:02:19.504
!MESSAGE Could not install bundle plugins/javax.servlet_3.0.0.v201112011016.jar   A bundle is already installed with the name "javax.servlet" and version "3.0.0.v201112011016"

!ENTRY org.eclipse.update.configurator 4 0 2018-07-19 12:02:19.505
!MESSAGE Could not install bundle plugins/org.eclipse.swt_3.103.2.v20150203-1313.jar   A bundle is already installed with the name "org.eclipse.swt" and version "3.103.2.v20150203-1313"

!ENTRY org.eclipse.update.configurator 4 0 2018-07-19 12:02:19.512
!MESSAGE Could not install bundle plugins/org.eclipse.equinox.p2.jarprocessor_1.0.300.v20131211-1531.jar   A bundle is already installed with the name "org.eclipse.equinox.p2.jarprocessor" and version "1.0.300.v20131211-1531"

!ENTRY org.eclipse.update.configurator 4 0 2018-07-19 12:02:19.514
!MESSAGE Could not install bundle plugins/org.eclipse.core.filesystem.java7_1.0.0.v20140429-1531.jar   A bundle is already installed with the name "org.eclipse.core.filesystem.java7" and version "1.0.0.v20140429-1531"
